kotlin version: 2.0.21
error message: org.jetbrains.kotlin.backend.common.BackendException: Backend Internal error: Exception during IR lowering
File being compiled: /Users/matsushitakazuya/pro/lib/ktca/ui/src/main/kotlin/com/studiomk/ktca/ui/Navigation.kt
The root cause java.lang.RuntimeException was thrown at: org.jetbrains.kotlin.backend.jvm.codegen.FunctionCodegen.generate(FunctionCodegen.kt:47)
	at org.jetbrains.kotlin.backend.common.CodegenUtil.reportBackendException(CodegenUtil.kt:253)
	at org.jetbrains.kotlin.backend.common.CodegenUtil.reportBackendException$default(CodegenUtil.kt:236)
	at org.jetbrains.kotlin.backend.common.phaser.PerformByIrFilePhase.invokeSequential(performByIrFile.kt:65)
	at org.jetbrains.kotlin.backend.common.phaser.PerformByIrFilePhase.invoke(performByIrFile.kt:52)
	at org.jetbrains.kotlin.backend.common.phaser.PerformByIrFilePhase.invoke(performByIrFile.kt:38)
	at org.jetbrains.kotlin.backend.common.phaser.NamedCompilerPhase.phaseBody(CompilerPhase.kt:166)
	at org.jetbrains.kotlin.backend.common.phaser.AbstractNamedCompilerPhase.invoke(CompilerPhase.kt:113)
	at org.jetbrains.kotlin.backend.common.phaser.CompositePhase.invoke(PhaseBuilders.kt:27)
	at org.jetbrains.kotlin.backend.common.phaser.CompositePhase.invoke(PhaseBuilders.kt:14)
	at org.jetbrains.kotlin.backend.common.phaser.NamedCompilerPhase.phaseBody(CompilerPhase.kt:166)
	at org.jetbrains.kotlin.backend.common.phaser.AbstractNamedCompilerPhase.invoke(CompilerPhase.kt:113)
	at org.jetbrains.kotlin.backend.common.phaser.CompilerPhaseKt.invokeToplevel(CompilerPhase.kt:62)
	at org.jetbrains.kotlin.backend.jvm.JvmIrCodegenFactory.invokeCodegen(JvmIrCodegenFactory.kt:371)
	at org.jetbrains.kotlin.codegen.CodegenFactory.generateModule(CodegenFactory.kt:47)
	at org.jetbrains.kotlin.backend.jvm.JvmIrCodegenFactory.generateModuleInFrontendIRMode(JvmIrCodegenFactory.kt:433)
	at org.jetbrains.kotlin.cli.jvm.compiler.pipeline.JvmCompilerPipelineKt.generateCodeFromIr(jvmCompilerPipeline.kt:246)
	at org.jetbrains.kotlin.cli.jvm.compiler.pipeline.JvmCompilerPipelineKt.compileModulesUsingFrontendIrAndLightTree(jvmCompilerPipeline.kt:142)
	at org.jetbrains.kotlin.cli.jvm.K2JVMCompiler.doExecute(K2JVMCompiler.kt:148)
	at org.jetbrains.kotlin.cli.jvm.K2JVMCompiler.doExecute(K2JVMCompiler.kt:43)
	at org.jetbrains.kotlin.cli.common.CLICompiler.execImpl(CLICompiler.kt:103)
	at org.jetbrains.kotlin.cli.common.CLICompiler.execImpl(CLICompiler.kt:49)
	at org.jetbrains.kotlin.cli.common.CLITool.exec(CLITool.kt:101)
	at org.jetbrains.kotlin.incremental.IncrementalJvmCompilerRunner.runCompiler(IncrementalJvmCompilerRunner.kt:464)
	at org.jetbrains.kotlin.incremental.IncrementalJvmCompilerRunner.runCompiler(IncrementalJvmCompilerRunner.kt:73)
	at org.jetbrains.kotlin.incremental.IncrementalCompilerRunner.doCompile(IncrementalCompilerRunner.kt:506)
	at org.jetbrains.kotlin.incremental.IncrementalCompilerRunner.compileImpl(IncrementalCompilerRunner.kt:423)
	at org.jetbrains.kotlin.incremental.IncrementalCompilerRunner.compileNonIncrementally(IncrementalCompilerRunner.kt:301)
	at org.jetbrains.kotlin.incremental.IncrementalCompilerRunner.compile(IncrementalCompilerRunner.kt:129)
	at org.jetbrains.kotlin.daemon.CompileServiceImplBase.execIncrementalCompiler(CompileServiceImpl.kt:675)
	at org.jetbrains.kotlin.daemon.CompileServiceImplBase.access$execIncrementalCompiler(CompileServiceImpl.kt:92)
	at org.jetbrains.kotlin.daemon.CompileServiceImpl.compile(CompileServiceImpl.kt:1660)
	at java.base/jdk.internal.reflect.DirectMethodHandleAccessor.invoke(Unknown Source)
	at java.base/java.lang.reflect.Method.invoke(Unknown Source)
	at java.rmi/sun.rmi.server.UnicastServerRef.dispatch(Unknown Source)
	at java.rmi/sun.rmi.transport.Transport$1.run(Unknown Source)
	at java.rmi/sun.rmi.transport.Transport$1.run(Unknown Source)
	at java.base/java.security.AccessController.doPrivileged(Unknown Source)
	at java.rmi/sun.rmi.transport.Transport.serviceCall(Unknown Source)
	at java.rmi/sun.rmi.transport.tcp.TCPTransport.handleMessages(Unknown Source)
	at java.rmi/sun.rmi.transport.tcp.TCPTransport$ConnectionHandler.run0(Unknown Source)
	at java.rmi/sun.rmi.transport.tcp.TCPTransport$ConnectionHandler.lambda$run$0(Unknown Source)
	at java.base/java.security.AccessController.doPrivileged(Unknown Source)
	at java.rmi/sun.rmi.transport.tcp.TCPTransport$ConnectionHandler.run(Unknown Source)
	at java.base/java.util.concurrent.ThreadPoolExecutor.runWorker(Unknown Source)
	at java.base/java.util.concurrent.ThreadPoolExecutor$Worker.run(Unknown Source)
	at java.base/java.lang.Thread.run(Unknown Source)
Caused by: java.lang.RuntimeException: Exception while generating code for:
FUN name:FullScreenNavigation visibility:public modality:FINAL <T> (item:T of com.studiomk.ktca.ui.NavigationKt.FullScreenNavigation?, onDismiss:kotlin.Function0<kotlin.Unit>?, dismissable:kotlin.Boolean, content:@[Composable] kotlin.Function1<T of com.studiomk.ktca.ui.NavigationKt.FullScreenNavigation, kotlin.Unit>) returnType:kotlin.Unit
  annotations:
    Composable
  TYPE_PARAMETER name:T index:0 variance: superTypes:[kotlin.Any?] reified:false
  VALUE_PARAMETER name:item index:0 type:T of com.studiomk.ktca.ui.NavigationKt.FullScreenNavigation?
  VALUE_PARAMETER name:onDismiss index:1 type:kotlin.Function0<kotlin.Unit>?
    EXPRESSION_BODY
      ERROR_EXPR 'Default Stub' type=kotlin.Function0<kotlin.Unit>?
  VALUE_PARAMETER name:dismissable index:2 type:kotlin.Boolean
    EXPRESSION_BODY
      ERROR_EXPR 'Default Stub' type=kotlin.Boolean
  VALUE_PARAMETER name:content index:3 type:@[Composable] kotlin.Function1<T of com.studiomk.ktca.ui.NavigationKt.FullScreenNavigation, kotlin.Unit>
  BLOCK_BODY
    VAR PROPERTY_DELEGATE name:visibleItem$delegate type:androidx.compose.runtime.MutableState<T of com.studiomk.ktca.ui.NavigationKt.FullScreenNavigation?> [val]
      CALL 'public final fun remember <T> (calculation: @[DisallowComposableCalls] kotlin.Function0<T of androidx.compose.runtime.ComposablesKt.remember>): T of androidx.compose.runtime.ComposablesKt.remember [inline] declared in androidx.compose.runtime.ComposablesKt' type=androidx.compose.runtime.MutableState<T of com.studiomk.ktca.ui.NavigationKt.FullScreenNavigation?> origin=null
        <T>: androidx.compose.runtime.MutableState<T of com.studiomk.ktca.ui.NavigationKt.FullScreenNavigation?>
        calculation: BLOCK type=kotlin.Function0<androidx.compose.runtime.MutableState<T of com.studiomk.ktca.ui.NavigationKt.FullScreenNavigation?>> origin=LAMBDA
          COMPOSITE type=kotlin.Unit origin=null
          FUNCTION_REFERENCE 'private final fun FullScreenNavigation$lambda$0 <T> (): androidx.compose.runtime.MutableState<T of com.studiomk.ktca.ui.NavigationKt.FullScreenNavigation$lambda$0?> declared in com.studiomk.ktca.ui.NavigationKt' type=kotlin.Function0<androidx.compose.runtime.MutableState<T of com.studiomk.ktca.ui.NavigationKt.FullScreenNavigation?>> origin=INLINE_LAMBDA reflectionTarget=null
            <T>: T of com.studiomk.ktca.ui.NavigationKt.FullScreenNavigation
    VAR PROPERTY_DELEGATE name:isVisible$delegate type:androidx.compose.runtime.MutableState<kotlin.Boolean> [val]
      CALL 'public final fun remember <T> (calculation: @[DisallowComposableCalls] kotlin.Function0<T of androidx.compose.runtime.ComposablesKt.remember>): T of androidx.compose.runtime.ComposablesKt.remember [inline] declared in androidx.compose.runtime.ComposablesKt' type=androidx.compose.runtime.MutableState<kotlin.Boolean> origin=null
        <T>: androidx.compose.runtime.MutableState<kotlin.Boolean>
        calculation: BLOCK type=kotlin.Function0<androidx.compose.runtime.MutableState<kotlin.Boolean>> origin=LAMBDA
          COMPOSITE type=kotlin.Unit origin=null
          FUNCTION_REFERENCE 'private final fun FullScreenNavigation$lambda$3 (): androidx.compose.runtime.MutableState<kotlin.Boolean> declared in com.studiomk.ktca.ui.NavigationKt' type=kotlin.Function0<androidx.compose.runtime.MutableState<kotlin.Boolean>> origin=INLINE_LAMBDA reflectionTarget=null
    CALL 'public final fun LaunchedEffect (key1: kotlin.Any?, block: @[ExtensionFunctionType] kotlin.coroutines.SuspendFunction1<kotlinx.coroutines.CoroutineScope, kotlin.Unit>): kotlin.Unit declared in androidx.compose.runtime.EffectsKt' type=kotlin.Unit origin=null
      key1: GET_VAR 'item: T of com.studiomk.ktca.ui.NavigationKt.FullScreenNavigation? declared in com.studiomk.ktca.ui.NavigationKt.FullScreenNavigation' type=T of com.studiomk.ktca.ui.NavigationKt.FullScreenNavigation? origin=null
      block: BLOCK type=com.studiomk.ktca.ui.NavigationKt.FullScreenNavigation.<no name provided> origin=null
        CLASS SUSPEND_LAMBDA CLASS name:<no name provided> modality:FINAL visibility:public/*package*/ superTypes:[kotlin.coroutines.jvm.internal.SuspendLambda; kotlin.jvm.functions.Function2<kotlinx.coroutines.CoroutineScope, kotlin.coroutines.Continuation<kotlin.Unit>?, kotlin.Any?>]
          $this: VALUE_PARAMETER INSTANCE_RECEIVER name:<this> type:com.studiomk.ktca.ui.NavigationKt.FullScreenNavigation.<no name provided>
          FIELD name:label type:kotlin.Int visibility:public/*package*/
          CONSTRUCTOR SUSPEND_LAMBDA visibility:public/*package*/ <> ($item:T of com.studiomk.ktca.ui.NavigationKt.FullScreenNavigation?, $visibleItem$delegate:androidx.compose.runtime.MutableState<T of com.studiomk.ktca.ui.NavigationKt.FullScreenNavigation?>, $isVisible$delegate:androidx.compose.runtime.MutableState<kotlin.Boolean>, $completion:kotlin.coroutines.Continuation<com.studiomk.ktca.ui.NavigationKt.FullScreenNavigation.<no name provided>>?) returnType:com.studiomk.ktca.ui.NavigationKt.FullScreenNavigation.<no name provided> [primary]
            VALUE_PARAMETER BOUND_VALUE_PARAMETER name:$item index:0 type:T of com.studiomk.ktca.ui.NavigationKt.FullScreenNavigation?
            VALUE_PARAMETER BOUND_VALUE_PARAMETER name:$visibleItem$delegate index:1 type:androidx.compose.runtime.MutableState<T of com.studiomk.ktca.ui.NavigationKt.FullScreenNavigation?>
            VALUE_PARAMETER BOUND_VALUE_PARAMETER name:$isVisible$delegate index:2 type:androidx.compose.runtime.MutableState<kotlin.Boolean>
            VALUE_PARAMETER name:$completion index:3 type:kotlin.coroutines.Continuation<com.studiomk.ktca.ui.NavigationKt.FullScreenNavigation.<no name provided>>?
            BLOCK_BODY
              SET_FIELD 'FIELD FIELD_FOR_CAPTURED_VALUE name:$item type:T of com.studiomk.ktca.ui.NavigationKt.FullScreenNavigation? visibility:public/*package*/ [final] declared in com.studiomk.ktca.ui.NavigationKt.FullScreenNavigation.<no name provided>' type=kotlin.Unit origin=INITIALIZER_OF_FIELD_FOR_CAPTURED_VALUE
                receiver: GET_VAR '<this>: com.studiomk.ktca.ui.NavigationKt.FullScreenNavigation.<no name provided> declared in com.studiomk.ktca.ui.NavigationKt.FullScreenNavigation.<no name provided>' type=com.studiomk.ktca.ui.NavigationKt.FullScreenNavigation.<no name provided> origin=null
                value: GET_VAR '$item: T of com.studiomk.ktca.ui.NavigationKt.FullScreenNavigation? declared in com.studiomk.ktca.ui.NavigationKt.FullScreenNavigation.<no name provided>.<init>' type=T of com.studiomk.ktca.ui.NavigationKt.FullScreenNavigation? origin=null
              SET_FIELD 'FIELD FIELD_FOR_CAPTURED_VALUE name:$visibleItem$delegate type:androidx.compose.runtime.MutableState<T of com.studiomk.ktca.ui.NavigationKt.FullScreenNavigation?> visibility:public/*package*/ [final] declared in com.studiomk.ktca.ui.NavigationKt.FullScreenNavigation.<no name provided>' type=kotlin.Unit origin=INITIALIZER_OF_FIELD_FOR_CAPTURED_VALUE
                receiver: GET_VAR '<this>: com.studiomk.ktca.ui.NavigationKt.FullScreenNavigation.<no name provided> declared in com.studiomk.ktca.ui.NavigationKt.FullScreenNavigation.<no name provided>' type=com.studiomk.ktca.ui.NavigationKt.FullScreenNavigation.<no name provided> origin=null
                value: GET_VAR '$visibleItem$delegate: androidx.compose.runtime.MutableState<T of com.studiomk.ktca.ui.NavigationKt.FullScreenNavigation?> declared in com.studiomk.ktca.ui.NavigationKt.FullScreenNavigation.<no name provided>.<init>' type=androidx.compose.runtime.MutableState<T of com.studiomk.ktca.ui.NavigationKt.FullScreenNavigation?> origin=null
              SET_FIELD 'FIELD FIELD_FOR_CAPTURED_VALUE name:$isVisible$delegate type:androidx.compose.runtime.MutableState<kotlin.Boolean> visibility:public/*package*/ [final] declared in com.studiomk.ktca.ui.NavigationKt.FullScreenNavigation.<no name provided>' type=kotlin.Unit origin=INITIALIZER_OF_FIELD_FOR_CAPTURED_VALUE
                receiver: GET_VAR '<this>: com.studiomk.ktca.ui.NavigationKt.FullScreenNavigation.<no name provided> declared in com.studiomk.ktca.ui.NavigationKt.FullScreenNavigation.<no name provided>' type=com.studiomk.ktca.ui.NavigationKt.FullScreenNavigation.<no name provided> origin=null
                value: GET_VAR '$isVisible$delegate: androidx.compose.runtime.MutableState<kotlin.Boolean> declared in com.studiomk.ktca.ui.NavigationKt.FullScreenNavigation.<no name provided>.<init>' type=androidx.compose.runtime.MutableState<kotlin.Boolean> origin=null
              DELEGATING_CONSTRUCTOR_CALL 'public constructor <init> (arity: kotlin.Int, $completion: kotlin.coroutines.Continuation<kotlin.Any?>?) declared in kotlin.coroutines.jvm.internal.SuspendLambda'
                arity: CONST Int type=kotlin.Int value=2
                $completion: GET_VAR '$completion: kotlin.coroutines.Continuation<com.studiomk.ktca.ui.NavigationKt.FullScreenNavigation.<no name provided>>? declared in com.studiomk.ktca.ui.NavigationKt.FullScreenNavigation.<no name provided>.<init>' type=kotlin.coroutines.Continuation<com.studiomk.ktca.ui.NavigationKt.FullScreenNavigation.<no name provided>>? origin=null
              BLOCK type=kotlin.Unit origin=null
          FUN name:invokeSuspend visibility:public modality:FINAL <> ($this:com.studiomk.ktca.ui.NavigationKt.FullScreenNavigation.<no name provided>, $result:kotlin.Result<kotlin.Any?>) returnType:kotlin.Any?
            overridden:
              protected abstract fun invokeSuspend ($result: kotlin.Result<kotlin.Any?>): kotlin.Any? declared in kotlin.coroutines.jvm.internal.SuspendLambda
            $this: VALUE_PARAMETER INSTANCE_RECEIVER name:<this> type:com.studiomk.ktca.ui.NavigationKt.FullScreenNavigation.<no name provided>
            VALUE_PARAMETER name:$result index:0 type:kotlin.Result<kotlin.Any?>
            BLOCK_BODY
              WHEN type=kotlin.Unit origin=IF
                BRANCH
                  if: CALL 'public final fun not (): kotlin.Boolean [operator] declared in kotlin.Boolean' type=kotlin.Boolean origin=EXCLEQ
                    $this: CALL 'public final fun EQEQ (arg0: kotlin.Any?, arg1: kotlin.Any?): kotlin.Boolean declared in kotlin.internal.ir' type=kotlin.Boolean origin=EXCLEQ
                      arg0: GET_FIELD 'FIELD FIELD_FOR_CAPTURED_VALUE name:$item type:T of com.studiomk.ktca.ui.NavigationKt.FullScreenNavigation? visibility:public/*package*/ [final] declared in com.studiomk.ktca.ui.NavigationKt.FullScreenNavigation.<no name provided>' type=T of com.studiomk.ktca.ui.NavigationKt.FullScreenNavigation? origin=null
                        receiver: GET_VAR '<this>: com.studiomk.ktca.ui.NavigationKt.FullScreenNavigation.<no name provided> declared in com.studiomk.ktca.ui.NavigationKt.FullScreenNavigation.<no name provided>.invokeSuspend' type=com.studiomk.ktca.ui.NavigationKt.FullScreenNavigation.<no name provided> origin=null
                      arg1: CONST Null type=kotlin.Nothing? value=null
                  then: BLOCK type=kotlin.Unit origin=null
                    CALL 'public final fun access$FullScreenNavigation$lambda$2 <T> ($visibleItem$delegate: androidx.compose.runtime.MutableState<T of com.studiomk.ktca.ui.NavigationKt.access$FullScreenNavigation$lambda$2?>, <set-?>: T of com.studiomk.ktca.ui.NavigationKt.access$FullScreenNavigation$lambda$2?): kotlin.Unit declared in com.studiomk.ktca.ui.NavigationKt' type=kotlin.Unit origin=EQ
                      <T>: T of com.studiomk.ktca.ui.NavigationKt.FullScreenNavigation
                      $visibleItem$delegate: GET_FIELD 'FIELD FIELD_FOR_CAPTURED_VALUE name:$visibleItem$delegate type:androidx.compose.runtime.MutableState<T of com.studiomk.ktca.ui.NavigationKt.FullScreenNavigation?> visibility:public/*package*/ [final] declared in com.studiomk.ktca.ui.NavigationKt.FullScreenNavigation.<no name provided>' type=androidx.compose.runtime.MutableState<T of com.studiomk.ktca.ui.NavigationKt.FullScreenNavigation?> origin=null
                        receiver: GET_VAR '<this>: com.studiomk.ktca.ui.NavigationKt.FullScreenNavigation.<no name provided> declared in com.studiomk.ktca.ui.NavigationKt.FullScreenNavigation.<no name provided>.invokeSuspend' type=com.studiomk.ktca.ui.NavigationKt.FullScreenNavigation.<no name provided> origin=null
                      <set-?>: GET_FIELD 'FIELD FIELD_FOR_CAPTURED_VALUE name:$item type:T of com.studiomk.ktca.ui.NavigationKt.FullScreenNavigation? visibility:public/*package*/ [final] declared in com.studiomk.ktca.ui.NavigationKt.FullScreenNavigation.<no name provided>' type=T of com.studiomk.ktca.ui.NavigationKt.FullScreenNavigation? origin=null
                        receiver: GET_VAR '<this>: com.studiomk.ktca.ui.NavigationKt.FullScreenNavigation.<no name provided> declared in com.studiomk.ktca.ui.NavigationKt.FullScreenNavigation.<no name provided>.invokeSuspend' type=com.studiomk.ktca.ui.NavigationKt.FullScreenNavigation.<no name provided> origin=null
                    CALL 'public final fun access$FullScreenNavigation$lambda$5 ($isVisible$delegate: androidx.compose.runtime.MutableState<kotlin.Boolean>, <set-?>: kotlin.Boolean): kotlin.Unit declared in com.studiomk.ktca.ui.NavigationKt' type=kotlin.Unit origin=EQ
                      $isVisible$delegate: GET_FIELD 'FIELD FIELD_FOR_CAPTURED_VALUE name:$isVisible$delegate type:androidx.compose.runtime.MutableState<kotlin.Boolean> visibility:public/*package*/ [final] declared in com.studiomk.ktca.ui.NavigationKt.FullScreenNavigation.<no name provided>' type=androidx.compose.runtime.MutableState<kotlin.Boolean> origin=null
                        receiver: GET_VAR '<this>: com.studiomk.ktca.ui.NavigationKt.FullScreenNavigation.<no name provided> declared in com.studiomk.ktca.ui.NavigationKt.FullScreenNavigation.<no name provided>.invokeSuspend' type=com.studiomk.ktca.ui.NavigationKt.FullScreenNavigation.<no name provided> origin=null
                      <set-?>: CONST Boolean type=kotlin.Boolean value=true
                BRANCH
                  if: CALL 'public final fun not (): kotlin.Boolean [operator] declared in kotlin.Boolean' type=kotlin.Boolean origin=EXCLEQ
                    $this: CALL 'public final fun EQEQ (arg0: kotlin.Any?, arg1: kotlin.Any?): kotlin.Boolean declared in kotlin.internal.ir' type=kotlin.Boolean origin=EXCLEQ
                      arg0: CALL 'public final fun access$FullScreenNavigation$lambda$1 <T> ($visibleItem$delegate: androidx.compose.runtime.MutableState<T of com.studiomk.ktca.ui.NavigationKt.access$FullScreenNavigation$lambda$1?>): T of com.studiomk.ktca.ui.NavigationKt.access$FullScreenNavigation$lambda$1? declared in com.studiomk.ktca.ui.NavigationKt' type=T of com.studiomk.ktca.ui.NavigationKt.FullScreenNavigation? origin=GET_LOCAL_PROPERTY
                        <T>: T of com.studiomk.ktca.ui.NavigationKt.FullScreenNavigation
                        $visibleItem$delegate: GET_FIELD 'FIELD FIELD_FOR_CAPTURED_VALUE name:$visibleItem$delegate type:androidx.compose.runtime.MutableState<T of com.studiomk.ktca.ui.NavigationKt.FullScreenNavigation?> visibility:public/*package*/ [final] declared in com.studiomk.ktca.ui.NavigationKt.FullScreenNavigation.<no name provided>' type=androidx.compose.runtime.MutableState<T of com.studiomk.ktca.ui.NavigationKt.FullScreenNavigation?> origin=null
                          receiver: GET_VAR '<this>: com.studiomk.ktca.ui.NavigationKt.FullScreenNavigation.<no name provided> declared in com.studiomk.ktca.ui.NavigationKt.FullScreenNavigation.<no name provided>.invokeSuspend' type=com.studiomk.ktca.ui.NavigationKt.FullScreenNavigation.<no name provided> origin=null
                      arg1: CONST Null type=kotlin.Nothing? value=null
                  then: BLOCK type=kotlin.Unit origin=null
                    CALL 'public final fun access$FullScreenNavigation$lambda$5 ($isVisible$delegate: androidx.compose.runtime.MutableState<kotlin.Boolean>, <set-?>: kotlin.Boolean): kotlin.Unit declared in com.studiomk.ktca.ui.NavigationKt' type=kotlin.Unit origin=EQ
                      $isVisible$delegate: GET_FIELD 'FIELD FIELD_FOR_CAPTURED_VALUE name:$isVisible$delegate type:androidx.compose.runtime.MutableState<kotlin.Boolean> visibility:public/*package*/ [final] declared in com.studiomk.ktca.ui.NavigationKt.FullScreenNavigation.<no name provided>' type=androidx.compose.runtime.MutableState<kotlin.Boolean> origin=null
                        receiver: GET_VAR '<this>: com.studiomk.ktca.ui.NavigationKt.FullScreenNavigation.<no name provided> declared in com.studiomk.ktca.ui.NavigationKt.FullScreenNavigation.<no name provided>.invokeSuspend' type=com.studiomk.ktca.ui.NavigationKt.FullScreenNavigation.<no name provided> origin=null
                      <set-?>: CONST Boolean type=kotlin.Boolean value=false
          FUN name:create visibility:public modality:FINAL <> ($this:com.studiomk.ktca.ui.NavigationKt.FullScreenNavigation.<no name provided>, value:kotlin.Any?, $completion:kotlin.coroutines.Continuation<kotlin.Nothing>) returnType:kotlin.coroutines.Continuation<kotlin.Unit>
            overridden:
              public open fun create (value: kotlin.Any?, $completion: kotlin.coroutines.Continuation<kotlin.Nothing>): kotlin.coroutines.Continuation<kotlin.Unit> declared in kotlin.coroutines.jvm.internal.SuspendLambda
            $this: VALUE_PARAMETER INSTANCE_RECEIVER name:<this> type:com.studiomk.ktca.ui.NavigationKt.FullScreenNavigation.<no name provided>
            VALUE_PARAMETER name:value index:0 type:kotlin.Any?
            VALUE_PARAMETER name:$completion index:1 type:kotlin.coroutines.Continuation<kotlin.Nothing>
            BLOCK_BODY
              RETURN type=kotlin.Nothing from='public final fun create (value: kotlin.Any?, $completion: kotlin.coroutines.Continuation<kotlin.Nothing>): kotlin.coroutines.Continuation<kotlin.Unit> declared in com.studiomk.ktca.ui.NavigationKt.FullScreenNavigation.<no name provided>'
                CONSTRUCTOR_CALL 'public/*package*/ constructor <init> ($item: T of com.studiomk.ktca.ui.NavigationKt.FullScreenNavigation?, $visibleItem$delegate: androidx.compose.runtime.MutableState<T of com.studiomk.ktca.ui.NavigationKt.FullScreenNavigation?>, $isVisible$delegate: androidx.compose.runtime.MutableState<kotlin.Boolean>, $completion: kotlin.coroutines.Continuation<com.studiomk.ktca.ui.NavigationKt.FullScreenNavigation.<no name provided>>?) [primary] declared in com.studiomk.ktca.ui.NavigationKt.FullScreenNavigation.<no name provided>' type=com.studiomk.ktca.ui.NavigationKt.FullScreenNavigation.<no name provided> origin=null
                  $item: GET_FIELD 'FIELD FIELD_FOR_CAPTURED_VALUE name:$item type:T of com.studiomk.ktca.ui.NavigationKt.FullScreenNavigation? visibility:public/*package*/ [final] declared in com.studiomk.ktca.ui.NavigationKt.FullScreenNavigation.<no name provided>' type=T of com.studiomk.ktca.ui.NavigationKt.FullScreenNavigation? origin=null
                    receiver: GET_VAR '<this>: com.studiomk.ktca.ui.NavigationKt.FullScreenNavigation.<no name provided> declared in com.studiomk.ktca.ui.NavigationKt.FullScreenNavigation.<no name provided>.create' type=com.studiomk.ktca.ui.NavigationKt.FullScreenNavigation.<no name provided> origin=null
                  $visibleItem$delegate: GET_FIELD 'FIELD FIELD_FOR_CAPTURED_VALUE name:$visibleItem$delegate type:androidx.compose.runtime.MutableState<T of com.studiomk.ktca.ui.NavigationKt.FullScreenNavigation?> visibility:public/*package*/ [final] declared in com.studiomk.ktca.ui.NavigationKt.FullScreenNavigation.<no name provided>' type=androidx.compose.runtime.MutableState<T of com.studiomk.ktca.ui.NavigationKt.FullScreenNavigation?> origin=null
                    receiver: GET_VAR '<this>: com.studiomk.ktca.ui.NavigationKt.FullScreenNavigation.<no name provided> declared in com.studiomk.ktca.ui.NavigationKt.FullScreenNavigation.<no name provided>.create' type=com.studiomk.ktca.ui.NavigationKt.FullScreenNavigation.<no name provided> origin=null
                  $isVisible$delegate: GET_FIELD 'FIELD FIELD_FOR_CAPTURED_VALUE name:$isVisible$delegate type:androidx.compose.runtime.MutableState<kotlin.Boolean> visibility:public/*package*/ [final] declared in com.studiomk.ktca.ui.NavigationKt.FullScreenNavigation.<no name provided>' type=androidx.compose.runtime.MutableState<kotlin.Boolean> origin=null
                    receiver: GET_VAR '<this>: com.studiomk.ktca.ui.NavigationKt.FullScreenNavigation.<no name provided> declared in com.studiomk.ktca.ui.NavigationKt.FullScreenNavigation.<no name provided>.create' type=com.studiomk.ktca.ui.NavigationKt.FullScreenNavigation.<no name provided> origin=null
                  $completion: GET_VAR '$completion: kotlin.coroutines.Continuation<kotlin.Nothing> declared in com.studiomk.ktca.ui.NavigationKt.FullScreenNavigation.<no name provided>.create' type=kotlin.coroutines.Continuation<kotlin.Nothing> origin=null
          FUN name:invoke visibility:public modality:FINAL <> ($this:com.studiomk.ktca.ui.NavigationKt.FullScreenNavigation.<no name provided>, p1:kotlinx.coroutines.CoroutineScope, p2:kotlin.coroutines.Continuation<kotlin.Unit>?) returnType:kotlin.Any?
            overridden:
              public abstract fun invoke (p1: P1 of kotlin.jvm.functions.Function2, p2: P2 of kotlin.jvm.functions.Function2): R of kotlin.jvm.functions.Function2 declared in kotlin.jvm.functions.Function2
            $this: VALUE_PARAMETER INSTANCE_RECEIVER name:<this> type:com.studiomk.ktca.ui.NavigationKt.FullScreenNavigation.<no name provided>
            VALUE_PARAMETER name:p1 index:0 type:kotlinx.coroutines.CoroutineScope
            VALUE_PARAMETER name:p2 index:1 type:kotlin.coroutines.Continuation<kotlin.Unit>?
            BLOCK_BODY
              RETURN type=kotlin.Nothing from='public final fun invoke (p1: kotlinx.coroutines.CoroutineScope, p2: kotlin.coroutines.Continuation<kotlin.Unit>?): kotlin.Any? declared in com.studiomk.ktca.ui.NavigationKt.FullScreenNavigation.<no name provided>'
                CALL 'public final fun invokeSuspend ($result: kotlin.Result<kotlin.Any?>): kotlin.Any? declared in com.studiomk.ktca.ui.NavigationKt.FullScreenNavigation.<no name provided>' type=kotlin.Any? origin=null
                  $this: TYPE_OP type=com.studiomk.ktca.ui.NavigationKt.FullScreenNavigation.<no name provided> origin=IMPLICIT_CAST typeOperand=com.studiomk.ktca.ui.NavigationKt.FullScreenNavigation.<no name provided>
                    CALL 'public final fun create (value: kotlin.Any?, $completion: kotlin.coroutines.Continuation<kotlin.Nothing>): kotlin.coroutines.Continuation<kotlin.Unit> declared in com.studiomk.ktca.ui.NavigationKt.FullScreenNavigation.<no name provided>' type=kotlin.coroutines.Continuation<kotlin.Unit> origin=null
                      $this: GET_VAR '<this>: com.studiomk.ktca.ui.NavigationKt.FullScreenNavigation.<no name provided> declared in com.studiomk.ktca.ui.NavigationKt.FullScreenNavigation.<no name provided>.invoke' type=com.studiomk.ktca.ui.NavigationKt.FullScreenNavigation.<no name provided> origin=null
                      value: GET_VAR 'p1: kotlinx.coroutines.CoroutineScope declared in com.studiomk.ktca.ui.NavigationKt.FullScreenNavigation.<no name provided>.invoke' type=kotlinx.coroutines.CoroutineScope origin=null
                      $completion: GET_VAR 'p2: kotlin.coroutines.Continuation<kotlin.Unit>? declared in com.studiomk.ktca.ui.NavigationKt.FullScreenNavigation.<no name provided>.invoke' type=kotlin.coroutines.Continuation<kotlin.Unit>? origin=null
                  $result: CALL 'public final fun <unsafe-coerce> <T, R> (v: T of kotlin.jvm.internal.<unsafe-coerce>): R of kotlin.jvm.internal.<unsafe-coerce> declared in kotlin.jvm.internal' type=kotlin.Result<kotlin.Any?> origin=null
                    <T>: kotlin.Any?
                    <R>: kotlin.Result<kotlin.Any?>
                    v: GET_FIELD 'FIELD FIELD_FOR_OBJECT_INSTANCE name:INSTANCE type:kotlin.Unit visibility:public [final,static] declared in kotlin.Unit' type=kotlin.Unit origin=null
          FIELD FIELD_FOR_CAPTURED_VALUE name:$item type:T of com.studiomk.ktca.ui.NavigationKt.FullScreenNavigation? visibility:public/*package*/ [final]
          FIELD FIELD_FOR_CAPTURED_VALUE name:$visibleItem$delegate type:androidx.compose.runtime.MutableState<T of com.studiomk.ktca.ui.NavigationKt.FullScreenNavigation?> visibility:public/*package*/ [final]
          FIELD FIELD_FOR_CAPTURED_VALUE name:$isVisible$delegate type:androidx.compose.runtime.MutableState<kotlin.Boolean> visibility:public/*package*/ [final]
          FUN BRIDGE name:invoke visibility:public modality:OPEN <> ($this:com.studiomk.ktca.ui.NavigationKt.FullScreenNavigation.<no name provided>, p1:kotlin.Any?, p2:kotlin.Any?) returnType:kotlin.Any?
            $this: VALUE_PARAMETER INSTANCE_RECEIVER name:<this> type:com.studiomk.ktca.ui.NavigationKt.FullScreenNavigation.<no name provided>
            VALUE_PARAMETER BRIDGE name:p1 index:0 type:kotlin.Any?
            VALUE_PARAMETER BRIDGE name:p2 index:1 type:kotlin.Any?
            EXPRESSION_BODY
              RETURN type=kotlin.Nothing from='public open fun invoke (p1: kotlin.Any?, p2: kotlin.Any?): kotlin.Any? declared in com.studiomk.ktca.ui.NavigationKt.FullScreenNavigation.<no name provided>'
                CALL 'public final fun invoke (p1: kotlinx.coroutines.CoroutineScope, p2: kotlin.coroutines.Continuation<kotlin.Unit>?): kotlin.Any? declared in com.studiomk.ktca.ui.NavigationKt.FullScreenNavigation.<no name provided>' type=kotlin.Any? origin=BRIDGE_DELEGATION
                  $this: GET_VAR '<this>: com.studiomk.ktca.ui.NavigationKt.FullScreenNavigation.<no name provided> declared in com.studiomk.ktca.ui.NavigationKt.FullScreenNavigation.<no name provided>.invoke' type=com.studiomk.ktca.ui.NavigationKt.FullScreenNavigation.<no name provided> origin=null
                  p1: TYPE_OP type=kotlinx.coroutines.CoroutineScope origin=IMPLICIT_CAST typeOperand=kotlinx.coroutines.CoroutineScope
                    GET_VAR 'p1: kotlin.Any? declared in com.studiomk.ktca.ui.NavigationKt.FullScreenNavigation.<no name provided>.invoke' type=kotlin.Any? origin=null
                  p2: TYPE_OP type=kotlin.coroutines.Continuation<*> origin=IMPLICIT_CAST typeOperand=kotlin.coroutines.Continuation<*>
                    GET_VAR 'p2: kotlin.Any? declared in com.studiomk.ktca.ui.NavigationKt.FullScreenNavigation.<no name provided>.invoke' type=kotlin.Any? origin=null
        CONSTRUCTOR_CALL 'public/*package*/ constructor <init> ($item: T of com.studiomk.ktca.ui.NavigationKt.FullScreenNavigation?, $visibleItem$delegate: androidx.compose.runtime.MutableState<T of com.studiomk.ktca.ui.NavigationKt.FullScreenNavigation?>, $isVisible$delegate: androidx.compose.runtime.MutableState<kotlin.Boolean>, $completion: kotlin.coroutines.Continuation<com.studiomk.ktca.ui.NavigationKt.FullScreenNavigation.<no name provided>>?) [primary] declared in com.studiomk.ktca.ui.NavigationKt.FullScreenNavigation.<no name provided>' type=com.studiomk.ktca.ui.NavigationKt.FullScreenNavigation.<no name provided> origin=null
          $item: GET_VAR 'item: T of com.studiomk.ktca.ui.NavigationKt.FullScreenNavigation? declared in com.studiomk.ktca.ui.NavigationKt.FullScreenNavigation' type=T of com.studiomk.ktca.ui.NavigationKt.FullScreenNavigation? origin=null
          $visibleItem$delegate: GET_VAR 'val visibleItem$delegate: androidx.compose.runtime.MutableState<T of com.studiomk.ktca.ui.NavigationKt.FullScreenNavigation?> [val] declared in com.studiomk.ktca.ui.NavigationKt.FullScreenNavigation' type=androidx.compose.runtime.MutableState<T of com.studiomk.ktca.ui.NavigationKt.FullScreenNavigation?> origin=null
          $isVisible$delegate: GET_VAR 'val isVisible$delegate: androidx.compose.runtime.MutableState<kotlin.Boolean> [val] declared in com.studiomk.ktca.ui.NavigationKt.FullScreenNavigation' type=androidx.compose.runtime.MutableState<kotlin.Boolean> origin=null
          $completion: CONST Null type=kotlin.Nothing? value=null
    VAR name:transition type:androidx.compose.animation.core.Transition<kotlin.Boolean> [val]
      CALL 'public final fun updateTransition <T> (targetState: T of androidx.compose.animation.core.TransitionKt.updateTransition, label: kotlin.String?): androidx.compose.animation.core.Transition<T of androidx.compose.animation.core.TransitionKt.updateTransition> declared in androidx.compose.animation.core.TransitionKt' type=androidx.compose.animation.core.Transition<kotlin.Boolean> origin=null
        <T>: kotlin.Boolean
        targetState: CALL 'private final fun FullScreenNavigation$lambda$4 ($isVisible$delegate: androidx.compose.runtime.MutableState<kotlin.Boolean>): kotlin.Boolean declared in com.studiomk.ktca.ui.NavigationKt' type=kotlin.Boolean origin=GET_LOCAL_PROPERTY
          $isVisible$delegate: GET_VAR 'val isVisible$delegate: androidx.compose.runtime.MutableState<kotlin.Boolean> [val] declared in com.studiomk.ktca.ui.NavigationKt.FullScreenNavigation' type=androidx.compose.runtime.MutableState<kotlin.Boolean> origin=null
        label: CONST String type=kotlin.String value="fullscreen-transition"
    VAR PROPERTY_DELEGATE name:alpha$delegate type:androidx.compose.runtime.State<kotlin.Float> [val]
      CALL 'public final fun animateFloat$default <S> (transitionSpec: @[Composable] @[ExtensionFunctionType] kotlin.Function1<androidx.compose.animation.core.Transition.Segment<S of androidx.compose.animation.core.TransitionKt.animateFloat$default>, androidx.compose.animation.core.FiniteAnimationSpec<kotlin.Float>>?, label: kotlin.String?, targetValueByState: @[Composable] kotlin.Function1<@[ParameterName(name = "state")] S of androidx.compose.animation.core.TransitionKt.animateFloat$default, kotlin.Float>, $mask0: kotlin.Int, $handler: kotlin.Any?): androidx.compose.runtime.State<kotlin.Float> [inline] declared in androidx.compose.animation.core.TransitionKt' type=androidx.compose.runtime.State<kotlin.Float> origin=DEFAULT_DISPATCH_CALL
        <S>: kotlin.Boolean
        $receiver: GET_VAR 'val transition: androidx.compose.animation.core.Transition<kotlin.Boolean> [val] declared in com.studiomk.ktca.ui.NavigationKt.FullScreenNavigation' type=androidx.compose.animation.core.Transition<kotlin.Boolean> origin=null
        transitionSpec: COMPOSITE type=@[Composable] @[ExtensionFunctionType] kotlin.Function1<androidx.compose.animation.core.Transition.Segment<S of androidx.compose.animation.core.TransitionKt.animateFloat$default>, androidx.compose.animation.core.FiniteAnimationSpec<kotlin.Float>>? origin=DEFAULT_VALUE
          CONST Null type=@[Composable] @[ExtensionFunctionType] kotlin.Function1<androidx.compose.animation.core.Transition.Segment<S of androidx.compose.animation.core.TransitionKt.animateFloat$default>, androidx.compose.animation.core.FiniteAnimationSpec<kotlin.Float>>? value=null
        label: CONST String type=kotlin.String value="alpha"
        targetValueByState: BLOCK type=kotlin.Function1<kotlin.Boolean, kotlin.Float> origin=LAMBDA
          COMPOSITE type=kotlin.Unit origin=null
          FUNCTION_REFERENCE 'private final fun FullScreenNavigation$lambda$6 (shown: kotlin.Boolean): kotlin.Float declared in com.studiomk.ktca.ui.NavigationKt' type=kotlin.Function1<kotlin.Boolean, kotlin.Float> origin=INLINE_LAMBDA reflectionTarget=null
        $mask0: CONST Int type=kotlin.Int value=1
        $handler: CONST Null type=kotlin.Any? value=null
    VAR PROPERTY_DELEGATE name:offsetY$delegate type:androidx.compose.runtime.State<androidx.compose.ui.unit.Dp> [val]
      CALL 'public final fun animateDp$default <S> (transitionSpec: @[Composable] @[ExtensionFunctionType] kotlin.Function1<androidx.compose.animation.core.Transition.Segment<S of androidx.compose.animation.core.TransitionKt.animateDp$default>, androidx.compose.animation.core.FiniteAnimationSpec<androidx.compose.ui.unit.Dp>>?, label: kotlin.String?, targetValueByState: @[Composable] kotlin.Function1<@[ParameterName(name = "state")] S of androidx.compose.animation.core.TransitionKt.animateDp$default, androidx.compose.ui.unit.Dp>, $mask0: kotlin.Int, $handler: kotlin.Any?): androidx.compose.runtime.State<androidx.compose.ui.unit.Dp> [inline] declared in androidx.compose.animation.core.TransitionKt' type=androidx.compose.runtime.State<androidx.compose.ui.unit.Dp> origin=DEFAULT_DISPATCH_CALL
        <S>: kotlin.Boolean
        $receiver: GET_VAR 'val transition: androidx.compose.animation.core.Transition<kotlin.Boolean> [val] declared in com.studiomk.ktca.ui.NavigationKt.FullScreenNavigation' type=androidx.compose.animation.core.Transition<kotlin.Boolean> origin=null
        transitionSpec: COMPOSITE type=@[Composable] @[ExtensionFunctionType] kotlin.Function1<androidx.compose.animation.core.Transition.Segment<S of androidx.compose.animation.core.TransitionKt.animateDp$default>, androidx.compose.animation.core.FiniteAnimationSpec<androidx.compose.ui.unit.Dp>>? origin=DEFAULT_VALUE
          CONST Null type=@[Composable] @[ExtensionFunctionType] kotlin.Function1<androidx.compose.animation.core.Transition.Segment<S of androidx.compose.animation.core.TransitionKt.animateDp$default>, androidx.compose.animation.core.FiniteAnimationSpec<androidx.compose.ui.unit.Dp>>? value=null
        label: CONST String type=kotlin.String value="offsetY"
        targetValueByState: BLOCK type=kotlin.Function1<kotlin.Boolean, androidx.compose.ui.unit.Dp> origin=LAMBDA
          COMPOSITE type=kotlin.Unit origin=null
          FUNCTION_REFERENCE 'private final fun FullScreenNavigation$lambda$8 (shown: kotlin.Boolean): androidx.compose.ui.unit.Dp declared in com.studiomk.ktca.ui.NavigationKt' type=kotlin.Function1<kotlin.Boolean, androidx.compose.ui.unit.Dp> origin=INLINE_LAMBDA reflectionTarget=null
        $mask0: CONST Int type=kotlin.Int value=1
        $handler: CONST Null type=kotlin.Any? value=null
    CALL 'public final fun LaunchedEffect (key1: kotlin.Any?, block: @[ExtensionFunctionType] kotlin.coroutines.SuspendFunction1<kotlinx.coroutines.CoroutineScope, kotlin.Unit>): kotlin.Unit declared in androidx.compose.runtime.EffectsKt' type=kotlin.Unit origin=null
      key1: CALL 'private final fun FullScreenNavigation$lambda$4 ($isVisible$delegate: androidx.compose.runtime.MutableState<kotlin.Boolean>): kotlin.Boolean declared in com.studiomk.ktca.ui.NavigationKt' type=kotlin.Boolean origin=GET_LOCAL_PROPERTY
        $isVisible$delegate: GET_VAR 'val isVisible$delegate: androidx.compose.runtime.MutableState<kotlin.Boolean> [val] declared in com.studiomk.ktca.ui.NavigationKt.FullScreenNavigation' type=androidx.compose.runtime.MutableState<kotlin.Boolean> origin=null
      block: BLOCK type=com.studiomk.ktca.ui.NavigationKt.FullScreenNavigation.<no name provided> origin=null
        CLASS SUSPEND_LAMBDA CLASS name:<no name provided> modality:FINAL visibility:public/*package*/ superTypes:[kotlin.coroutines.jvm.internal.SuspendLambda; kotlin.jvm.functions.Function2<kotlinx.coroutines.CoroutineScope, kotlin.coroutines.Continuation<kotlin.Unit>?, kotlin.Any?>]
          $this: VALUE_PARAMETER INSTANCE_RECEIVER name:<this> type:com.studiomk.ktca.ui.NavigationKt.FullScreenNavigation.<no name provided>
          FIELD name:label type:kotlin.Int visibility:public/*package*/
          CONSTRUCTOR SUSPEND_LAMBDA visibility:public/*package*/ <> ($onDismiss:kotlin.Function0<kotlin.Unit>?, $isVisible$delegate:androidx.compose.runtime.MutableState<kotlin.Boolean>, $visibleItem$delegate:androidx.compose.runtime.MutableState<T of com.studiomk.ktca.ui.NavigationKt.FullScreenNavigation?>, $completion:kotlin.coroutines.Continuation<com.studiomk.ktca.ui.NavigationKt.FullScreenNavigation.<no name provided>>?) returnType:com.studiomk.ktca.ui.NavigationKt.FullScreenNavigation.<no name provided> [primary]
            VALUE_PARAMETER BOUND_VALUE_PARAMETER name:$onDismiss index:0 type:kotlin.Function0<kotlin.Unit>?
            VALUE_PARAMETER BOUND_VALUE_PARAMETER name:$isVisible$delegate index:1 type:androidx.compose.runtime.MutableState<kotlin.Boolean>
            VALUE_PARAMETER BOUND_VALUE_PARAMETER name:$visibleItem$delegate index:2 type:androidx.compose.runtime.MutableState<T of com.studiomk.ktca.ui.NavigationKt.FullScreenNavigation?>
            VALUE_PARAMETER name:$completion index:3 type:kotlin.coroutines.Continuation<com.studiomk.ktca.ui.NavigationKt.FullScreenNavigation.<no name provided>>?
            BLOCK_BODY
              SET_FIELD 'FIELD FIELD_FOR_CAPTURED_VALUE name:$onDismiss type:kotlin.Function0<kotlin.Unit>? visibility:public/*package*/ [final] declared in com.studiomk.ktca.ui.NavigationKt.FullScreenNavigation.<no name provided>' type=kotlin.Unit origin=INITIALIZER_OF_FIELD_FOR_CAPTURED_VALUE
                receiver: GET_VAR '<this>: com.studiomk.ktca.ui.NavigationKt.FullScreenNavigation.<no name provided> declared in com.studiomk.ktca.ui.NavigationKt.FullScreenNavigation.<no name provided>' type=com.studiomk.ktca.ui.NavigationKt.FullScreenNavigation.<no name provided> origin=null
                value: GET_VAR '$onDismiss: kotlin.Function0<kotlin.Unit>? declared in com.studiomk.ktca.ui.NavigationKt.FullScreenNavigation.<no name provided>.<init>' type=kotlin.Function0<kotlin.Unit>? origin=null
              SET_FIELD 'FIELD FIELD_FOR_CAPTURED_VALUE name:$isVisible$delegate type:androidx.compose.runtime.MutableState<kotlin.Boolean> visibility:public/*package*/ [final] declared in com.studiomk.ktca.ui.NavigationKt.FullScreenNavigation.<no name provided>' type=kotlin.Unit origin=INITIALIZER_OF_FIELD_FOR_CAPTURED_VALUE
                receiver: GET_VAR '<this>: com.studiomk.ktca.ui.NavigationKt.FullScreenNavigation.<no name provided> declared in com.studiomk.ktca.ui.NavigationKt.FullScreenNavigation.<no name provided>' type=com.studiomk.ktca.ui.NavigationKt.FullScreenNavigation.<no name provided> origin=null
                value: GET_VAR '$isVisible$delegate: androidx.compose.runtime.MutableState<kotlin.Boolean> declared in com.studiomk.ktca.ui.NavigationKt.FullScreenNavigation.<no name provided>.<init>' type=androidx.compose.runtime.MutableState<kotlin.Boolean> origin=null
              SET_FIELD 'FIELD FIELD_FOR_CAPTURED_VALUE name:$visibleItem$delegate type:androidx.compose.runtime.MutableState<T of com.studiomk.ktca.ui.NavigationKt.FullScreenNavigation?> visibility:public/*package*/ [final] declared in com.studiomk.ktca.ui.NavigationKt.FullScreenNavigation.<no name provided>' type=kotlin.Unit origin=INITIALIZER_OF_FIELD_FOR_CAPTURED_VALUE
                receiver: GET_VAR '<this>: com.studiomk.ktca.ui.NavigationKt.FullScreenNavigation.<no name provided> declared in com.studiomk.ktca.ui.NavigationKt.FullScreenNavigation.<no name provided>' type=com.studiomk.ktca.ui.NavigationKt.FullScreenNavigation.<no name provided> origin=null
                value: GET_VAR '$visibleItem$delegate: androidx.compose.runtime.MutableState<T of com.studiomk.ktca.ui.NavigationKt.FullScreenNavigation?> declared in com.studiomk.ktca.ui.NavigationKt.FullScreenNavigation.<no name provided>.<init>' type=androidx.compose.runtime.MutableState<T of com.studiomk.ktca.ui.NavigationKt.FullScreenNavigation?> origin=null
              DELEGATING_CONSTRUCTOR_CALL 'public constructor <init> (arity: kotlin.Int, $completion: kotlin.coroutines.Continuation<kotlin.Any?>?) declared in kotlin.coroutines.jvm.internal.SuspendLambda'
                arity: CONST Int type=kotlin.Int value=2
                $completion: GET_VAR '$completion: kotlin.coroutines.Continuation<com.studiomk.ktca.ui.NavigationKt.FullScreenNavigation.<no name provided>>? declared in com.studiomk.ktca.ui.NavigationKt.FullScreenNavigation.<no name provided>.<init>' type=kotlin.coroutines.Continuation<com.studiomk.ktca.ui.NavigationKt.FullScreenNavigation.<no name provided>>? origin=null
              BLOCK type=kotlin.Unit origin=null
          FUN name:invokeSuspend visibility:public modality:FINAL <> ($this:com.studiomk.ktca.ui.NavigationKt.FullScreenNavigation.<no name provided>, $result:kotlin.Result<kotlin.Any?>) returnType:kotlin.Any?
            overridden:
              protected abstract fun invokeSuspend ($result: kotlin.Result<kotlin.Any?>): kotlin.Any? declared in kotlin.coroutines.jvm.internal.SuspendLambda
            $this: VALUE_PARAMETER INSTANCE_RECEIVER name:<this> type:com.studiomk.ktca.ui.NavigationKt.FullScreenNavigation.<no name provided>
            VALUE_PARAMETER name:$result index:0 type:kotlin.Result<kotlin.Any?>
            BLOCK_BODY
              WHEN type=kotlin.Unit origin=IF
                BRANCH
                  if: CALL 'public final fun ANDAND (arg0: kotlin.Boolean, arg1: kotlin.Boolean): kotlin.Boolean declared in kotlin.internal.ir' type=kotlin.Boolean origin=null
                    arg0: CALL 'public final fun not (): kotlin.Boolean [operator] declared in kotlin.Boolean' type=kotlin.Boolean origin=null
                      $this: CALL 'public final fun access$FullScreenNavigation$lambda$4 ($isVisible$delegate: androidx.compose.runtime.MutableState<kotlin.Boolean>): kotlin.Boolean declared in com.studiomk.ktca.ui.NavigationKt' type=kotlin.Boolean origin=GET_LOCAL_PROPERTY
                        $isVisible$delegate: GET_FIELD 'FIELD FIELD_FOR_CAPTURED_VALUE name:$isVisible$delegate type:androidx.compose.runtime.MutableState<kotlin.Boolean> visibility:public/*package*/ [final] declared in com.studiomk.ktca.ui.NavigationKt.FullScreenNavigation.<no name provided>' type=androidx.compose.runtime.MutableState<kotlin.Boolean> origin=null
                          receiver: GET_VAR '<this>: com.studiomk.ktca.ui.NavigationKt.FullScreenNavigation.<no name provided> declared in com.studiomk.ktca.ui.NavigationKt.FullScreenNavigation.<no name provided>.invokeSuspend' type=com.studiomk.ktca.ui.NavigationKt.FullScreenNavigation.<no name provided> origin=null
                    arg1: CALL 'public final fun not (): kotlin.Boolean [operator] declared in kotlin.Boolean' type=kotlin.Boolean origin=EXCLEQ
                      $this: CALL 'public final fun EQEQ (arg0: kotlin.Any?, arg1: kotlin.Any?): kotlin.Boolean declared in kotlin.internal.ir' type=kotlin.Boolean origin=EXCLEQ
                        arg0: CALL 'public final fun access$FullScreenNavigation$lambda$1 <T> ($visibleItem$delegate: androidx.compose.runtime.MutableState<T of com.studiomk.ktca.ui.NavigationKt.access$FullScreenNavigation$lambda$1?>): T of com.studiomk.ktca.ui.NavigationKt.access$FullScreenNavigation$lambda$1? declared in com.studiomk.ktca.ui.NavigationKt' type=T of com.studiomk.ktca.ui.NavigationKt.FullScreenNavigation? origin=GET_LOCAL_PROPERTY
                          <T>: T of com.studiomk.ktca.ui.NavigationKt.FullScreenNavigation
                          $visibleItem$delegate: GET_FIELD 'FIELD FIELD_FOR_CAPTURED_VALUE name:$visibleItem$delegate type:androidx.compose.runtime.MutableState<T of com.studiomk.ktca.ui.NavigationKt.FullScreenNavigation?> visibility:public/*package*/ [final] declared in com.studiomk.ktca.ui.NavigationKt.FullScreenNavigation.<no name provided>' type=androidx.compose.runtime.MutableState<T of com.studiomk.ktca.ui.NavigationKt.FullScreenNavigation?> origin=null
                            receiver: GET_VAR '<this>: com.studiomk.ktca.ui.NavigationKt.FullScreenNavigation.<no name provided> declared in com.studiomk.ktca.ui.NavigationKt.FullScreenNavigation.<no name provided>.invokeSuspend' type=com.studiomk.ktca.ui.NavigationKt.FullScreenNavigation.<no name provided> origin=null
                        arg1: CONST Null type=kotlin.Nothing? value=null
                  then: COMPOSITE type=kotlin.Unit origin=null
                    BLOCK type=kotlin.Unit? origin=null
                      CALL 'public final fun delay (timeMillis: kotlin.Long, $completion: kotlin.coroutines.Continuation<kotlin.Unit>): kotlin.Any? [suspend] declared in kotlinx.coroutines.DelayKt' type=kotlin.Unit origin=null
                        timeMillis: CONST Long type=kotlin.Long value=200
                        $completion: GET_VAR '<this>: com.studiomk.ktca.ui.NavigationKt.FullScreenNavigation.<no name provided> declared in com.studiomk.ktca.ui.NavigationKt.FullScreenNavigation.<no name provided>.invokeSuspend' type=com.studiomk.ktca.ui.NavigationKt.FullScreenNavigation.<no name provided> origin=null
                      CALL 'public final fun access$FullScreenNavigation$lambda$2 <T> ($visibleItem$delegate: androidx.compose.runtime.MutableState<T of com.studiomk.ktca.ui.NavigationKt.access$FullScreenNavigation$lambda$2?>, <set-?>: T of com.studiomk.ktca.ui.NavigationKt.access$FullScreenNavigation$lambda$2?): kotlin.Unit declared in com.studiomk.ktca.ui.NavigationKt' type=kotlin.Unit origin=EQ
                        <T>: T of com.studiomk.ktca.ui.NavigationKt.FullScreenNavigation
                        $visibleItem$delegate: GET_FIELD 'FIELD FIELD_FOR_CAPTURED_VALUE name:$visibleItem$delegate type:androidx.compose.runtime.MutableState<T of com.studiomk.ktca.ui.NavigationKt.FullScreenNavigation?> visibility:public/*package*/ [final] declared in com.studiomk.ktca.ui.NavigationKt.FullScreenNavigation.<no name provided>' type=androidx.compose.runtime.MutableState<T of com.studiomk.ktca.ui.NavigationKt.FullScreenNavigation?> origin=null
                          receiver: GET_VAR '<this>: com.studiomk.ktca.ui.NavigationKt.FullScreenNavigation.<no name provided> declared in com.studiomk.ktca.ui.NavigationKt.FullScreenNavigation.<no name provided>.invokeSuspend' type=com.studiomk.ktca.ui.NavigationKt.FullScreenNavigation.<no name provided> origin=null
                        <set-?>: CONST Null type=kotlin.Nothing? value=null
                      BLOCK type=kotlin.Unit? origin=FOLDED_SAFE_CALL
                        WHEN type=kotlin.Unit? origin=FOLDED_SAFE_CALL
                          BRANCH
                            if: COMPOSITE type=kotlin.Boolean origin=null
                              VAR IR_TEMPORARY_VARIABLE name:tmp0_safe_receiver type:kotlin.Function0<kotlin.Unit>? [val]
                                GET_FIELD 'FIELD FIELD_FOR_CAPTURED_VALUE name:$onDismiss type:kotlin.Function0<kotlin.Unit>? visibility:public/*package*/ [final] declared in com.studiomk.ktca.ui.NavigationKt.FullScreenNavigation.<no name provided>' type=kotlin.Function0<kotlin.Unit>? origin=null
                                  receiver: GET_VAR '<this>: com.studiomk.ktca.ui.NavigationKt.FullScreenNavigation.<no name provided> declared in com.studiomk.ktca.ui.NavigationKt.FullScreenNavigation.<no name provided>.invokeSuspend' type=com.studiomk.ktca.ui.NavigationKt.FullScreenNavigation.<no name provided> origin=null
                              CALL 'public final fun not (): kotlin.Boolean [operator] declared in kotlin.Boolean' type=kotlin.Boolean origin=null
                                $this: CALL 'public final fun EQEQ (arg0: kotlin.Any?, arg1: kotlin.Any?): kotlin.Boolean declared in kotlin.internal.ir' type=kotlin.Boolean origin=null
                                  arg0: GET_VAR 'val tmp0_safe_receiver: kotlin.Function0<kotlin.Unit>? [val] declared in com.studiomk.ktca.ui.NavigationKt.FullScreenNavigation.<no name provided>.invokeSuspend' type=kotlin.Function0<kotlin.Unit>? origin=null
                                  arg1: CONST Null type=kotlin.Nothing? value=null
                            then: CALL 'public abstract fun invoke (): R of kotlin.Function0 [operator] declared in kotlin.Function0' type=kotlin.Unit origin=INVOKE
                              $this: GET_VAR 'val tmp0_safe_receiver: kotlin.Function0<kotlin.Unit>? [val] declared in com.studiomk.ktca.ui.NavigationKt.FullScreenNavigation.<no name provided>.invokeSuspend' type=kotlin.Function0<kotlin.Unit>? origin=null
                          BRANCH
                            if: CONST Boolean type=kotlin.Boolean value=true
                            then: CONST Null type=kotlin.Nothing? value=null
          FUN name:create visibility:public modality:FINAL <> ($this:com.studiomk.ktca.ui.NavigationKt.FullScreenNavigation.<no name provided>, value:kotlin.Any?, $completion:kotlin.coroutines.Continuation<kotlin.Nothing>) returnType:kotlin.coroutines.Continuation<kotlin.Unit>
            overridden:
              public open fun create (value: kotlin.Any?, $completion: kotlin.coroutines.Continuation<kotlin.Nothing>): kotlin.coroutines.Continuation<kotlin.Unit> declared in kotlin.coroutines.jvm.internal.SuspendLambda
            $this: VALUE_PARAMETER INSTANCE_RECEIVER name:<this> type:com.studiomk.ktca.ui.NavigationKt.FullScreenNavigation.<no name provided>
            VALUE_PARAMETER name:value index:0 type:kotlin.Any?
            VALUE_PARAMETER name:$completion index:1 type:kotlin.coroutines.Continuation<kotlin.Nothing>
            BLOCK_BODY
              RETURN type=kotlin.Nothing from='public final fun create (value: kotlin.Any?, $completion: kotlin.coroutines.Continuation<kotlin.Nothing>): kotlin.coroutines.Continuation<kotlin.Unit> declared in com.studiomk.ktca.ui.NavigationKt.FullScreenNavigation.<no name provided>'
                CONSTRUCTOR_CALL 'public/*package*/ constructor <init> ($onDismiss: kotlin.Function0<kotlin.Unit>?, $isVisible$delegate: androidx.compose.runtime.MutableState<kotlin.Boolean>, $visibleItem$delegate: androidx.compose.runtime.MutableState<T of com.studiomk.ktca.ui.NavigationKt.FullScreenNavigation?>, $completion: kotlin.coroutines.Continuation<com.studiomk.ktca.ui.NavigationKt.FullScreenNavigation.<no name provided>>?) [primary] declared in com.studiomk.ktca.ui.NavigationKt.FullScreenNavigation.<no name provided>' type=com.studiomk.ktca.ui.NavigationKt.FullScreenNavigation.<no name provided> origin=null
                  $onDismiss: GET_FIELD 'FIELD FIELD_FOR_CAPTURED_VALUE name:$onDismiss type:kotlin.Function0<kotlin.Unit>? visibility:public/*package*/ [final] declared in com.studiomk.ktca.ui.NavigationKt.FullScreenNavigation.<no name provided>' type=kotlin.Function0<kotlin.Unit>? origin=null
                    receiver: GET_VAR '<this>: com.studiomk.ktca.ui.NavigationKt.FullScreenNavigation.<no name provided> declared in com.studiomk.ktca.ui.NavigationKt.FullScreenNavigation.<no name provided>.create' type=com.studiomk.ktca.ui.NavigationKt.FullScreenNavigation.<no name provided> origin=null
                  $isVisible$delegate: GET_FIELD 'FIELD FIELD_FOR_CAPTURED_VALUE name:$isVisible$delegate type:androidx.compose.runtime.MutableState<kotlin.Boolean> visibility:public/*package*/ [final] declared in com.studiomk.ktca.ui.NavigationKt.FullScreenNavigation.<no name provided>' type=androidx.compose.runtime.MutableState<kotlin.Boolean> origin=null
                    receiver: GET_VAR '<this>: com.studiomk.ktca.ui.NavigationKt.FullScreenNavigation.<no name provided> declared in com.studiomk.ktca.ui.NavigationKt.FullScreenNavigation.<no name provided>.create' type=com.studiomk.ktca.ui.NavigationKt.FullScreenNavigation.<no name provided> origin=null
                  $visibleItem$delegate: GET_FIELD 'FIELD FIELD_FOR_CAPTURED_VALUE name:$visibleItem$delegate type:androidx.compose.runtime.MutableState<T of com.studiomk.ktca.ui.NavigationKt.FullScreenNavigation?> visibility:public/*package*/ [final] declared in com.studiomk.ktca.ui.NavigationKt.FullScreenNavigation.<no name provided>' type=androidx.compose.runtime.MutableState<T of com.studiomk.ktca.ui.NavigationKt.FullScreenNavigation?> origin=null
                    receiver: GET_VAR '<this>: com.studiomk.ktca.ui.NavigationKt.FullScreenNavigation.<no name provided> declared in com.studiomk.ktca.ui.NavigationKt.FullScreenNavigation.<no name provided>.create' type=com.studiomk.ktca.ui.NavigationKt.FullScreenNavigation.<no name provided> origin=null
                  $completion: GET_VAR '$completion: kotlin.coroutines.Continuation<kotlin.Nothing> declared in com.studiomk.ktca.ui.NavigationKt.FullScreenNavigation.<no name provided>.create' type=kotlin.coroutines.Continuation<kotlin.Nothing> origin=null
          FUN name:invoke visibility:public modality:FINAL <> ($this:com.studiomk.ktca.ui.NavigationKt.FullScreenNavigation.<no name provided>, p1:kotlinx.coroutines.CoroutineScope, p2:kotlin.coroutines.Continuation<kotlin.Unit>?) returnType:kotlin.Any?
            overridden:
              public abstract fun invoke (p1: P1 of kotlin.jvm.functions.Function2, p2: P2 of kotlin.jvm.functions.Function2): R of kotlin.jvm.functions.Function2 declared in kotlin.jvm.functions.Function2
            $this: VALUE_PARAMETER INSTANCE_RECEIVER name:<this> type:com.studiomk.ktca.ui.NavigationKt.FullScreenNavigation.<no name provided>
            VALUE_PARAMETER name:p1 index:0 type:kotlinx.coroutines.CoroutineScope
            VALUE_PARAMETER name:p2 index:1 type:kotlin.coroutines.Continuation<kotlin.Unit>?
            BLOCK_BODY
              RETURN type=kotlin.Nothing from='public final fun invoke (p1: kotlinx.coroutines.CoroutineScope, p2: kotlin.coroutines.Continuation<kotlin.Unit>?): kotlin.Any? declared in com.studiomk.ktca.ui.NavigationKt.FullScreenNavigation.<no name provided>'
                CALL 'public final fun invokeSuspend ($result: kotlin.Result<kotlin.Any?>): kotlin.Any? declared in com.studiomk.ktca.ui.NavigationKt.FullScreenNavigation.<no name provided>' type=kotlin.Any? origin=null
                  $this: TYPE_OP type=com.studiomk.ktca.ui.NavigationKt.FullScreenNavigation.<no name provided> origin=IMPLICIT_CAST typeOperand=com.studiomk.ktca.ui.NavigationKt.FullScreenNavigation.<no name provided>
                    CALL 'public final fun create (value: kotlin.Any?, $completion: kotlin.coroutines.Continuation<kotlin.Nothing>): kotlin.coroutines.Continuation<kotlin.Unit> declared in com.studiomk.ktca.ui.NavigationKt.FullScreenNavigation.<no name provided>' type=kotlin.coroutines.Continuation<kotlin.Unit> origin=null
                      $this: GET_VAR '<this>: com.studiomk.ktca.ui.NavigationKt.FullScreenNavigation.<no name provided> declared in com.studiomk.ktca.ui.NavigationKt.FullScreenNavigation.<no name provided>.invoke' type=com.studiomk.ktca.ui.NavigationKt.FullScreenNavigation.<no name provided> origin=null
                      value: GET_VAR 'p1: kotlinx.coroutines.CoroutineScope declared in com.studiomk.ktca.ui.NavigationKt.FullScreenNavigation.<no name provided>.invoke' type=kotlinx.coroutines.CoroutineScope origin=null
                      $completion: GET_VAR 'p2: kotlin.coroutines.Continuation<kotlin.Unit>? declared in com.studiomk.ktca.ui.NavigationKt.FullScreenNavigation.<no name provided>.invoke' type=kotlin.coroutines.Continuation<kotlin.Unit>? origin=null
                  $result: CALL 'public final fun <unsafe-coerce> <T, R> (v: T of kotlin.jvm.internal.<unsafe-coerce>): R of kotlin.jvm.internal.<unsafe-coerce> declared in kotlin.jvm.internal' type=kotlin.Result<kotlin.Any?> origin=null
                    <T>: kotlin.Any?
                    <R>: kotlin.Result<kotlin.Any?>
                    v: GET_FIELD 'FIELD FIELD_FOR_OBJECT_INSTANCE name:INSTANCE type:kotlin.Unit visibility:public [final,static] declared in kotlin.Unit' type=kotlin.Unit origin=null
          FIELD FIELD_FOR_CAPTURED_VALUE name:$onDismiss type:kotlin.Function0<kotlin.Unit>? visibility:public/*package*/ [final]
          FIELD FIELD_FOR_CAPTURED_VALUE name:$isVisible$delegate type:androidx.compose.runtime.MutableState<kotlin.Boolean> visibility:public/*package*/ [final]
          FIELD FIELD_FOR_CAPTURED_VALUE name:$visibleItem$delegate type:androidx.compose.runtime.MutableState<T of com.studiomk.ktca.ui.NavigationKt.FullScreenNavigation?> visibility:public/*package*/ [final]
          FUN BRIDGE name:invoke visibility:public modality:OPEN <> ($this:com.studiomk.ktca.ui.NavigationKt.FullScreenNavigation.<no name provided>, p1:kotlin.Any?, p2:kotlin.Any?) returnType:kotlin.Any?
            $this: VALUE_PARAMETER INSTANCE_RECEIVER name:<this> type:com.studiomk.ktca.ui.NavigationKt.FullScreenNavigation.<no name provided>
            VALUE_PARAMETER BRIDGE name:p1 index:0 type:kotlin.Any?
            VALUE_PARAMETER BRIDGE name:p2 index:1 type:kotlin.Any?
            EXPRESSION_BODY
              RETURN type=kotlin.Nothing from='public open fun invoke (p1: kotlin.Any?, p2: kotlin.Any?): kotlin.Any? declared in com.studiomk.ktca.ui.NavigationKt.FullScreenNavigation.<no name provided>'
                CALL 'public final fun invoke (p1: kotlinx.coroutines.CoroutineScope, p2: kotlin.coroutines.Continuation<kotlin.Unit>?): kotlin.Any? declared in com.studiomk.ktca.ui.NavigationKt.FullScreenNavigation.<no name provided>' type=kotlin.Any? origin=BRIDGE_DELEGATION
                  $this: GET_VAR '<this>: com.studiomk.ktca.ui.NavigationKt.FullScreenNavigation.<no name provided> declared in com.studiomk.ktca.ui.NavigationKt.FullScreenNavigation.<no name provided>.invoke' type=com.studiomk.ktca.ui.NavigationKt.FullScreenNavigation.<no name provided> origin=null
                  p1: TYPE_OP type=kotlinx.coroutines.CoroutineScope origin=IMPLICIT_CAST typeOperand=kotlinx.coroutines.CoroutineScope
                    GET_VAR 'p1: kotlin.Any? declared in com.studiomk.ktca.ui.NavigationKt.FullScreenNavigation.<no name provided>.invoke' type=kotlin.Any? origin=null
                  p2: TYPE_OP type=kotlin.coroutines.Continuation<*> origin=IMPLICIT_CAST typeOperand=kotlin.coroutines.Continuation<*>
                    GET_VAR 'p2: kotlin.Any? declared in com.studiomk.ktca.ui.NavigationKt.FullScreenNavigation.<no name provided>.invoke' type=kotlin.Any? origin=null
        CONSTRUCTOR_CALL 'public/*package*/ constructor <init> ($onDismiss: kotlin.Function0<kotlin.Unit>?, $isVisible$delegate: androidx.compose.runtime.MutableState<kotlin.Boolean>, $visibleItem$delegate: androidx.compose.runtime.MutableState<T of com.studiomk.ktca.ui.NavigationKt.FullScreenNavigation?>, $completion: kotlin.coroutines.Continuation<com.studiomk.ktca.ui.NavigationKt.FullScreenNavigation.<no name provided>>?) [primary] declared in com.studiomk.ktca.ui.NavigationKt.FullScreenNavigation.<no name provided>' type=com.studiomk.ktca.ui.NavigationKt.FullScreenNavigation.<no name provided> origin=null
          $onDismiss: GET_VAR 'onDismiss: kotlin.Function0<kotlin.Unit>? declared in com.studiomk.ktca.ui.NavigationKt.FullScreenNavigation' type=kotlin.Function0<kotlin.Unit>? origin=null
          $isVisible$delegate: GET_VAR 'val isVisible$delegate: androidx.compose.runtime.MutableState<kotlin.Boolean> [val] declared in com.studiomk.ktca.ui.NavigationKt.FullScreenNavigation' type=androidx.compose.runtime.MutableState<kotlin.Boolean> origin=null
          $visibleItem$delegate: GET_VAR 'val visibleItem$delegate: androidx.compose.runtime.MutableState<T of com.studiomk.ktca.ui.NavigationKt.FullScreenNavigation?> [val] declared in com.studiomk.ktca.ui.NavigationKt.FullScreenNavigation' type=androidx.compose.runtime.MutableState<T of com.studiomk.ktca.ui.NavigationKt.FullScreenNavigation?> origin=null
          $completion: CONST Null type=kotlin.Nothing? value=null
    WHEN type=kotlin.Unit origin=IF
      BRANCH
        if: CALL 'public final fun not (): kotlin.Boolean [operator] declared in kotlin.Boolean' type=kotlin.Boolean origin=EXCLEQ
          $this: CALL 'public final fun EQEQ (arg0: kotlin.Any?, arg1: kotlin.Any?): kotlin.Boolean declared in kotlin.internal.ir' type=kotlin.Boolean origin=EXCLEQ
            arg0: CALL 'private final fun FullScreenNavigation$lambda$1 <T> ($visibleItem$delegate: androidx.compose.runtime.MutableState<T of com.studiomk.ktca.ui.NavigationKt.FullScreenNavigation$lambda$1?>): T of com.studiomk.ktca.ui.NavigationKt.FullScreenNavigation$lambda$1? declared in com.studiomk.ktca.ui.NavigationKt' type=T of com.studiomk.ktca.ui.NavigationKt.FullScreenNavigation? origin=GET_LOCAL_PROPERTY
              <T>: T of com.studiomk.ktca.ui.NavigationKt.FullScreenNavigation
              $visibleItem$delegate: GET_VAR 'val visibleItem$delegate: androidx.compose.runtime.MutableState<T of com.studiomk.ktca.ui.NavigationKt.FullScreenNavigation?> [val] declared in com.studiomk.ktca.ui.NavigationKt.FullScreenNavigation' type=androidx.compose.runtime.MutableState<T of com.studiomk.ktca.ui.NavigationKt.FullScreenNavigation?> origin=null
            arg1: CONST Null type=kotlin.Nothing? value=null
        then: BLOCK type=kotlin.Unit origin=null
          CALL 'public final fun Box$default (modifier: androidx.compose.ui.Modifier?, contentAlignment: androidx.compose.ui.Alignment?, propagateMinConstraints: kotlin.Boolean, content: @[Composable] @[ExtensionFunctionType] kotlin.Function1<androidx.compose.foundation.layout.BoxScope, kotlin.Unit>, $mask0: kotlin.Int, $handler: kotlin.Any?): kotlin.Unit [inline] declared in androidx.compose.foundation.layout.BoxKt' type=kotlin.Unit origin=DEFAULT_DISPATCH_CALL
            modifier: CALL 'public final fun background-bw27NRU$default (color: androidx.compose.ui.graphics.Color, shape: androidx.compose.ui.graphics.Shape?, $mask0: kotlin.Int, $handler: kotlin.Any?): androidx.compose.ui.Modifier declared in androidx.compose.foundation.BackgroundKt' type=androidx.compose.ui.Modifier origin=DEFAULT_DISPATCH_CALL
              $receiver: CALL 'public final fun graphicsLayer (block: @[ExtensionFunctionType] kotlin.Function1<androidx.compose.ui.graphics.GraphicsLayerScope, kotlin.Unit>): androidx.compose.ui.Modifier declared in androidx.compose.ui.graphics.GraphicsLayerModifierKt' type=androidx.compose.ui.Modifier origin=null
                $receiver: CALL 'public final fun fillMaxSize$default (fraction: kotlin.Float, $mask0: kotlin.Int, $handler: kotlin.Any?): androidx.compose.ui.Modifier declared in androidx.compose.foundation.layout.SizeKt' type=androidx.compose.ui.Modifier origin=DEFAULT_DISPATCH_CALL
                  $receiver: GET_FIELD 'FIELD FIELD_FOR_OBJECT_INSTANCE name:Companion type:androidx.compose.ui.Modifier.Companion visibility:public [final,static] declared in androidx.compose.ui.Modifier' type=androidx.compose.ui.Modifier.Companion origin=null
                  fraction: COMPOSITE type=kotlin.Float origin=DEFAULT_VALUE
                    CONST Float type=kotlin.Float value=0.0
                  $mask0: CONST Int type=kotlin.Int value=1
                  $handler: CONST Null type=kotlin.Any? value=null
                block: BLOCK type=@[ExtensionFunctionType] kotlin.Function1<androidx.compose.ui.graphics.GraphicsLayerScope, kotlin.Unit> origin=LAMBDA
                  COMPOSITE type=kotlin.Unit origin=null
                  CALL 'public final fun <jvm-indy> <T> (dynamicCall: T of kotlin.jvm.internal.<jvm-indy>, bootstrapMethodHandle: kotlin.Any, vararg bootstrapMethodArguments: kotlin.Any): T of kotlin.jvm.internal.<jvm-indy> declared in kotlin.jvm.internal' type=@[ExtensionFunctionType] kotlin.Function1<androidx.compose.ui.graphics.GraphicsLayerScope, kotlin.Unit> origin=null
                    <T>: @[ExtensionFunctionType] kotlin.Function1<androidx.compose.ui.graphics.GraphicsLayerScope, kotlin.Unit>
                    dynamicCall: CALL 'public final fun invoke (p0: androidx.compose.runtime.State<kotlin.Float>, p1: androidx.compose.runtime.State<androidx.compose.ui.unit.Dp>): @[ExtensionFunctionType] kotlin.Function1<androidx.compose.ui.graphics.GraphicsLayerScope, kotlin.Unit> declared in kotlin.jvm.internal.invokeDynamic' type=@[ExtensionFunctionType] kotlin.Function1<androidx.compose.ui.graphics.GraphicsLayerScope, kotlin.Unit> origin=null
                      p0: GET_VAR 'val alpha$delegate: androidx.compose.runtime.State<kotlin.Float> [val] declared in com.studiomk.ktca.ui.NavigationKt.FullScreenNavigation' type=androidx.compose.runtime.State<kotlin.Float> origin=null
                      p1: GET_VAR 'val offsetY$delegate: androidx.compose.runtime.State<androidx.compose.ui.unit.Dp> [val] declared in com.studiomk.ktca.ui.NavigationKt.FullScreenNavigation' type=androidx.compose.runtime.State<androidx.compose.ui.unit.Dp> origin=null
                    bootstrapMethodHandle: CALL 'public final fun <jvm-method-handle> (tag: kotlin.Int, owner: kotlin.String, name: kotlin.String, descriptor: kotlin.String, isInterface: kotlin.Boolean): kotlin.Any declared in kotlin.jvm.internal' type=kotlin.Any origin=null
                      tag: CONST Int type=kotlin.Int value=6
                      owner: CONST String type=kotlin.String value="java/lang/invoke/LambdaMetafactory"
                      name: CONST String type=kotlin.String value="metafactory"
                      descriptor: CONST String type=kotlin.String value="(Ljava/lang/invoke/MethodHandles$Lookup;Ljava/lang/String;Ljava/lang/invoke/MethodType;Ljava/lang/invoke/MethodType;Ljava/lang/invoke/MethodHandle;Ljava/lang/invoke/MethodType;)Ljava/lang/invoke/CallSite;"
                      isInterface: CONST Boolean type=kotlin.Boolean value=false
                    bootstrapMethodArguments: VARARG type=kotlin.Array<kotlin.Any> varargElementType=kotlin.Any
                      CALL 'public final fun <jvm-original-method-type> (method: kotlin.Any): kotlin.Any declared in kotlin.jvm.internal' type=kotlin.Any origin=null
                        method: RAW_FUNCTION_REFERENCE 'public abstract fun invoke (p1: P1 of kotlin.Function1): R of kotlin.Function1 [operator] declared in kotlin.Function1' type=kotlin.Any
                      RAW_FUNCTION_REFERENCE 'private final fun FullScreenNavigation$lambda$10 ($alpha$delegate: androidx.compose.runtime.State<kotlin.Float>, $offsetY$delegate: androidx.compose.runtime.State<androidx.compose.ui.unit.Dp>, $this$graphicsLayer: androidx.compose.ui.graphics.GraphicsLayerScope): kotlin.Unit? declared in com.studiomk.ktca.ui.NavigationKt' type=kotlin.Any
                      CALL 'public final fun <jvm-original-method-type> (method: kotlin.Any): kotlin.Any declared in kotlin.jvm.internal' type=kotlin.Any origin=null
                        method: RAW_FUNCTION_REFERENCE 'public abstract fun invoke (p1: androidx.compose.ui.graphics.GraphicsLayerScope): kotlin.Unit? [fake_override,operator] declared in kotlin.jvm.internal.invokeDynamic.<fake>' type=kotlin.Any
              color: CALL 'public final fun getWhite-0d7_KjU (): androidx.compose.ui.graphics.Color declared in androidx.compose.ui.graphics.Color.Companion' type=androidx.compose.ui.graphics.Color origin=GET_PROPERTY
                $this: GET_FIELD 'FIELD FIELD_FOR_OBJECT_INSTANCE name:Companion type:androidx.compose.ui.graphics.Color.Companion visibility:public [final,static] declared in androidx.compose.ui.graphics.Color' type=androidx.compose.ui.graphics.Color.Companion origin=null
              shape: COMPOSITE type=androidx.compose.ui.graphics.Shape? origin=DEFAULT_VALUE
                CONST Null type=androidx.compose.ui.graphics.Shape? value=null
              $mask0: CONST Int type=kotlin.Int value=2
              $handler: CONST Null type=kotlin.Any? value=null
            contentAlignment: COMPOSITE type=androidx.compose.ui.Alignment? origin=DEFAULT_VALUE
              CONST Null type=androidx.compose.ui.Alignment? value=null
            propagateMinConstraints: COMPOSITE type=kotlin.Boolean origin=DEFAULT_VALUE
              CONST Boolean type=kotlin.Boolean value=false
            content: BLOCK type=@[ExtensionFunctionType] kotlin.Function1<androidx.compose.foundation.layout.BoxScope, kotlin.Unit> origin=LAMBDA
              COMPOSITE type=kotlin.Unit origin=null
              FUNCTION_REFERENCE 'private final fun FullScreenNavigation$lambda$12 <T> ($content: @[Composable] kotlin.Function1<T of com.studiomk.ktca.ui.NavigationKt.FullScreenNavigation$lambda$12, kotlin.Unit>, $dismissable: kotlin.Boolean, $visibleItem$delegate: androidx.compose.runtime.MutableState<T of com.studiomk.ktca.ui.NavigationKt.FullScreenNavigation$lambda$12?>, $onDismiss: kotlin.Function0<kotlin.Unit>?): kotlin.Unit declared in com.studiomk.ktca.ui.NavigationKt' type=@[ExtensionFunctionType] kotlin.Function1<androidx.compose.foundation.layout.BoxScope, kotlin.Unit> origin=INLINE_LAMBDA reflectionTarget=null
                <T>: T of com.studiomk.ktca.ui.NavigationKt.FullScreenNavigation
                $content: GET_VAR 'content: @[Composable] kotlin.Function1<T of com.studiomk.ktca.ui.NavigationKt.FullScreenNavigation, kotlin.Unit> declared in com.studiomk.ktca.ui.NavigationKt.FullScreenNavigation' type=@[Composable] kotlin.Function1<T of com.studiomk.ktca.ui.NavigationKt.FullScreenNavigation, kotlin.Unit> origin=null
                $dismissable: GET_VAR 'dismissable: kotlin.Boolean declared in com.studiomk.ktca.ui.NavigationKt.FullScreenNavigation' type=kotlin.Boolean origin=null
                $visibleItem$delegate: GET_VAR 'val visibleItem$delegate: androidx.compose.runtime.MutableState<T of com.studiomk.ktca.ui.NavigationKt.FullScreenNavigation?> [val] declared in com.studiomk.ktca.ui.NavigationKt.FullScreenNavigation' type=androidx.compose.runtime.MutableState<T of com.studiomk.ktca.ui.NavigationKt.FullScreenNavigation?> origin=null
                $onDismiss: GET_VAR 'onDismiss: kotlin.Function0<kotlin.Unit>? declared in com.studiomk.ktca.ui.NavigationKt.FullScreenNavigation' type=kotlin.Function0<kotlin.Unit>? origin=null
            $mask0: CONST Int type=kotlin.Int value=6
            $handler: CONST Null type=kotlin.Any? value=null

	at org.jetbrains.kotlin.backend.jvm.codegen.FunctionCodegen.generate(FunctionCodegen.kt:47)
	at org.jetbrains.kotlin.backend.jvm.codegen.FunctionCodegen.generate$default(FunctionCodegen.kt:40)
	at org.jetbrains.kotlin.backend.jvm.codegen.ClassCodegen.generateMethodNode(ClassCodegen.kt:406)
	at org.jetbrains.kotlin.backend.jvm.codegen.ClassCodegen.generateMethod(ClassCodegen.kt:423)
	at org.jetbrains.kotlin.backend.jvm.codegen.ClassCodegen.generate(ClassCodegen.kt:168)
	at org.jetbrains.kotlin.backend.jvm.FileCodegen.lower(JvmPhases.kt:39)
	at org.jetbrains.kotlin.backend.common.phaser.PhaseFactoriesKt.createFilePhase$lambda$4(PhaseFactories.kt:71)
	at org.jetbrains.kotlin.backend.common.phaser.PhaseBuildersKt$createSimpleNamedCompilerPhase$1.phaseBody(PhaseBuilders.kt:69)
	at org.jetbrains.kotlin.backend.common.phaser.SimpleNamedCompilerPhase.phaseBody(CompilerPhase.kt:226)
	at org.jetbrains.kotlin.backend.common.phaser.AbstractNamedCompilerPhase.invoke(CompilerPhase.kt:113)
	at org.jetbrains.kotlin.backend.common.phaser.PerformByIrFilePhase.invokeSequential(performByIrFile.kt:62)
	... 43 more
Caused by: org.jetbrains.kotlin.codegen.CompilationException: Back-end (JVM) Internal error: Couldn't inline method call: CALL 'public final fun remember <T> (calculation: @[DisallowComposableCalls] kotlin.Function0<T of androidx.compose.runtime.ComposablesKt.remember>): T of androidx.compose.runtime.ComposablesKt.remember [inline] declared in androidx.compose.runtime.ComposablesKt' type=androidx.compose.runtime.MutableState<T of com.studiomk.ktca.ui.NavigationKt.FullScreenNavigation?> origin=null
Method: null
File is unknown
The root cause java.lang.IllegalStateException was thrown at: org.jetbrains.kotlin.codegen.inline.SourceCompilerForInlineKt.getMethodNode(SourceCompilerForInline.kt:118)
	at org.jetbrains.kotlin.codegen.inline.InlineCodegen.performInline(InlineCodegen.kt:65)
	at org.jetbrains.kotlin.backend.jvm.codegen.IrInlineCodegen.genInlineCall(IrInlineCodegen.kt:163)
	at org.jetbrains.kotlin.backend.jvm.codegen.IrInlineCallGenerator.genCall(IrInlineCallGenerator.kt:36)
	at org.jetbrains.kotlin.backend.jvm.codegen.ExpressionCodegen.visitCall(ExpressionCodegen.kt:653)
	at org.jetbrains.kotlin.backend.jvm.codegen.ExpressionCodegen.visitCall(ExpressionCodegen.kt:138)
	at org.jetbrains.kotlin.ir.expressions.IrCall.accept(IrCall.kt:24)
	at org.jetbrains.kotlin.backend.jvm.codegen.ExpressionCodegen.visitVariable(ExpressionCodegen.kt:790)
	at org.jetbrains.kotlin.backend.jvm.codegen.ExpressionCodegen.visitVariable(ExpressionCodegen.kt:138)
	at org.jetbrains.kotlin.ir.declarations.IrVariable.accept(IrVariable.kt:36)
	at org.jetbrains.kotlin.backend.jvm.codegen.ExpressionCodegen.visitStatementContainer(ExpressionCodegen.kt:579)
	at org.jetbrains.kotlin.backend.jvm.codegen.ExpressionCodegen.visitBlockBody(ExpressionCodegen.kt:584)
	at org.jetbrains.kotlin.backend.jvm.codegen.ExpressionCodegen.visitBlockBody(ExpressionCodegen.kt:138)
	at org.jetbrains.kotlin.ir.expressions.IrBlockBody.accept(IrBlockBody.kt:20)
	at org.jetbrains.kotlin.backend.jvm.codegen.ExpressionCodegen.generate(ExpressionCodegen.kt:240)
	at org.jetbrains.kotlin.backend.jvm.codegen.FunctionCodegen.doGenerate(FunctionCodegen.kt:123)
	at org.jetbrains.kotlin.backend.jvm.codegen.FunctionCodegen.generate(FunctionCodegen.kt:44)
	... 53 more
Caused by: java.lang.IllegalStateException: couldn't find inline method Landroidx/compose/runtime/ComposablesKt;.remember(Lkotlin/jvm/functions/Function0;)Ljava/lang/Object;
	at org.jetbrains.kotlin.codegen.inline.SourceCompilerForInlineKt.getMethodNode(SourceCompilerForInline.kt:118)
	at org.jetbrains.kotlin.codegen.inline.SourceCompilerForInlineKt.loadCompiledInlineFunction(SourceCompilerForInline.kt:96)
	at org.jetbrains.kotlin.backend.jvm.codegen.IrSourceCompilerForInline.compileInlineFunction(IrSourceCompilerForInline.kt:91)
	at org.jetbrains.kotlin.codegen.inline.InlineCodegen.compileInline(InlineCodegen.kt:43)
	at org.jetbrains.kotlin.codegen.inline.InlineCodegen.performInline(InlineCodegen.kt:51)
	... 68 more


